-0.3309726757578757561084614735591458156704902648925781250000000000000000000000000000000000000000000000 -0.0000000000000000262161441032774636130079215314589595089813221258498096566391666328854626044631004333 0.0380704474245701987578094360742397839203476905822753906250000000000000000000000000000000000000000000 -0.0000000000000000009616181682828339618607862290825046798652604462695437856356583949946070788428187370
-0.1992581793808917978161332484887680038809776306152343750000000000000000000000000000000000000000000000 -0.0000000000000000075339409234980193504176368576269248248756960902950199909788864260917762294411659241 0.0176522535578225135688423819146919413469731807708740234375000000000000000000000000000000000000000000 -0.0000000000000000011079942189849169212186822638096097214445589711721970246904866996828786795958876610
0.2260550165243644937795863825158448889851570129394531250000000000000000000000000000000000000000000000 0.0000000000000000126022745915227752500212969900318988585096703503442110150256638689825194887816905975 -0.0799689927978955578113939850481983739882707595825195312500000000000000000000000000000000000000000000 -0.0000000000000000063460023733636283936840017401873121454740939053999759789093104700441472232341766357
0.2426504064692105999689886175474384799599647521972656250000000000000000000000000000000000000000000000 0.0000000000000000004677977136086304752259424595325139275587325315104779248354116560904003563337028027 0.0365333979932580613092518717621715040877461433410644531250000000000000000000000000000000000000000000 0.0000000000000000005709344770022019545359771749790997852063776745568752721271543748571275500580668449
0.0914749448999244568758726359192223753780126571655273437500000000000000000000000000000000000000000000 -0.0000000000000000036609340702821524448717294490586665457459787183420747008755213869335420895367860794 0.2786308216747127586288002021319698542356491088867187500000000000000000000000000000000000000000000000 0.0000000000000000041379918916404281616895809751333352103206111649103329797050321303686359897255897522
-0.0124926024286186147793653589133100467734038829803466796875000000000000000000000000000000000000000000 -0.0000000000000000006937190272456474979519993342187765906642550802765293666007906381310021970421075821 0.2110491012472701377600259320388431660830974578857421875000000000000000000000000000000000000000000000 -0.0000000000000000051785532317672362668742834231741586121061746167014080977075707323820097371935844421
-0.0494172631142162574469089975082169985398650169372558593750000000000000000000000000000000000000000000 0.0000000000000000020700342936472428610421033900271927805735103256831817347682900276595319155603647232 -0.2029124738196469157625045909298933111131191253662109375000000000000000000000000000000000000000000000 0.0000000000000000032892946516813893505437931152017216374523186022500384484423818776122061535716056824
0.0315092344667192991725102046984829939901828765869140625000000000000000000000000000000000000000000000 0.0000000000000000026511341643412592805126523014407753588898695525533522748817816250266332644969224930 -0.2988676928669205534738750884571345522999763488769531250000000000000000000000000000000000000000000000 -0.0000000000000000223519185626510679759809968042136173580417081359914335814131902679946506395936012268
-0.1672368467298269156806611590582178905606269836425781250000000000000000000000000000000000000000000000 -0.0000000000000000048162869081133674839304134386709639116236975270920334102342508231231477111577987671 0.2727747087939790260335826133086811751127243041992187500000000000000000000000000000000000000000000000 -0.0000000000000000085823320193215261882172073504002543651078135111842128124326478655348182655870914459
-0.1420260232345169348899815986442263238131999969482421875000000000000000000000000000000000000000000000 0.0000000000000000078353130752317586555795127350300028590782462991921192285715846992388833314180374146 0.1452463415301429028314572633462375961244106292724609375000000000000000000000000000000000000000000000 -0.0000000000000000130538715628498043839887390457914535898550603454414467674560285104234935715794563293
0.1033287219076595153666175974649377167224884033203125000000000000000000000000000000000000000000000000 0.0000000000000000065787245791957383370689888773812031301831047645908498444633494273148244246840476990 -0.1956877991027157481784826131843146868050098419189453125000000000000000000000000000000000000000000000 -0.0000000000000000108434329174532879698514604527317036512444788844025493623757228078829939477145671844
0.2183523172540651480222351210613851435482501983642578125000000000000000000000000000000000000000000000 -0.0000000000000000042952334406807644211423904079848498142548976906260858876773767178747220896184444427 -0.1611283900775630495427748201109352521598339080810546875000000000000000000000000000000000000000000000 0.0000000000000000049035193854080055673983422185833393998012569040749301929604797578576835803687572479
0.2397036106352415651965515053234412334859371185302734375000000000000000000000000000000000000000000000 -0.0000000000000000052953977110488860650721110650147839714434454694985676681540098797995597124099731445 0.1115723403910117567106041747138078790158033370971679687500000000000000000000000000000000000000000000 -0.0000000000000000050113374213532207659401750409473001366666780484688051289232646468008169904351234436
0.1398900907499183998705660769701353274285793304443359375000000000000000000000000000000000000000000000 0.0000000000000000025854512863426880011882823985481452679392879801315019427931929385522380471229553223 0.1766487032839706705633631145246908999979496002197265625000000000000000000000000000000000000000000000 0.0000000000000000047294440057263980645363900766920231270194547596580608023186798050119250547140836716
-0.1644190411459663658799712493419065140187740325927734375000000000000000000000000000000000000000000000 -0.0000000000000000061410496854399099844472379531271533022912420237207631323883560980902984738349914551 -0.1171702953286619941497548325060051865875720977783203125000000000000000000000000000000000000000000000 0.0000000000000000018800082941866710238088777334985347003193960609764186220349557743247714824974536896
-0.2271417216519029391719186605769209563732147216796875000000000000000000000000000000000000000000000000 -0.0000000000000000003410581758850931755798386799378379375470085294421492688732300280207709874957799911 -0.2324424613666220273966445120095158927142620086669921875000000000000000000000000000000000000000000000 0.0000000000000000052705161220801475140341690423664438031522828137140877780009162734131678007543087006
-0.2768098499713873561489663188694976270198822021484375000000000000000000000000000000000000000000000000 0.0000000000000000271839307303537356402336171088715461786860875246282093220528963684046175330877304077 0.1777761056245066584313718749399413354694843292236328125000000000000000000000000000000000000000000000 0.0000000000000000031436349524061540422500698511335631041026594357601451484862664642605523113161325455
-0.1816506822808992283047047067157109268009662628173828125000000000000000000000000000000000000000000000 -0.0000000000000000091744046880454127720279131854420783978544864776692377428268798666977090761065483093 0.0859671095812945679215388850025192368775606155395507812500000000000000000000000000000000000000000000 -0.0000000000000000019790221122024815278620829931698194201352001468739022493892321108432952314615249634
0.1733917003068170814561455017610569484531879425048828125000000000000000000000000000000000000000000000 -0.0000000000000000002355669226462113621703291114551109740391745850677726603628059365291846916079521179 -0.1507412427231122065141022403622628189623355865478515625000000000000000000000000000000000000000000000 -0.0000000000000000050074860604269868780685029482838904707624616828879823837716855905455304309725761414
0.2504400589351173378460657659161370247602462768554687500000000000000000000000000000000000000000000000 -0.0000000000000000105495846440776700797075650436594384534827739945562347090302068863820750266313552856 -0.0608093817831304034315920148401346523314714431762695312500000000000000000000000000000000000000000000 -0.0000000000000000006649734888645786681087537662594592372951811360499638214882622833101777359843254089
0.1862075376662823411599845258024288341403007507324218750000000000000000000000000000000000000000000000 0.0000000000000000092738192415434320391903987162228447654735493063692976234424492076868773438036441803 0.2071792938507401871106594626326113939285278320312500000000000000000000000000000000000000000000000000 0.0000000000000000037279901254371484709180590427832381461048739621779671976620207374253368470817804337
0.0649597768658507629391252180539595428854227066040039062500000000000000000000000000000000000000000000 -0.0000000000000000000599891608510439561166750358405470603488327470983847156116297583139385096728801727 0.2077132880219826616130518459613085724413394927978515625000000000000000000000000000000000000000000000 0.0000000000000000109365476335817531496040397320749442280186865305083299126920337585033848881721496582
-0.1149666930854301022391084075024991761893033981323242187500000000000000000000000000000000000000000000 -0.0000000000000000046719677244762014686309320217246739870689257903384195014240276577766053378582000732 -0.1693829849301254908411351607355754822492599487304687500000000000000000000000000000000000000000000000 0.0000000000000000019290098218370279959780502759588964735884392347577739185160439205901639070361852646
-0.1013849860233902999695487778808455914258956909179687500000000000000000000000000000000000000000000000 -0.0000000000000000010958363504292690122307333050960276846345426518287025779985199847033072728663682938 -0.2972510798575715429414856316725490614771842956542968750000000000000000000000000000000000000000000000 0.0000000000000000151060681535435571571128080956451898860237590587266010011546768510015681385993957520
-0.0338490332315699790632912424825917696580290794372558593750000000000000000000000000000000000000000000 -0.0000000000000000032112051133747497270867287155696078651722246333124338724118729260226245969533920288 0.3056514274567712630137350515724392607808113098144531250000000000000000000000000000000000000000000000 -0.0000000000000000084660885661200502048130129231798305394126263491287077977975883413819246925413608551
-0.0838544664005262951889108080649748444557189941406250000000000000000000000000000000000000000000000000 -0.0000000000000000051800512586075403991650040606243722019399192612806870350539156788727268576622009277 0.1888297106619587217846145676958258263766765594482421875000000000000000000000000000000000000000000000 0.0000000000000000125710005198254852176108184946779873729544425121429709890641390757082263007760047913
0.0259785877288864451573058289568507461808621883392333984375000000000000000000000000000000000000000000 0.0000000000000000003808995729306562665530126889433911280323679558962660096632646400394150987267494202 -0.2127655593344512374720522984716808423399925231933593750000000000000000000000000000000000000000000000 -0.0000000000000000019935625096555455247881784143722497167520067235186101428645599753508577123284339905
0.1435981506670927776436741396537399850785732269287109375000000000000000000000000000000000000000000000 0.0000000000000000131126020340999405450862544727246234289488926316605624244893135710299247875809669495 -0.2472170630286313064427616836837842129170894622802734375000000000000000000000000000000000000000000000 -0.0000000000000000122808089510788868829075694614557771638870714467047309814695665863837348297238349915
0.2511343731265572865041235672833863645792007446289062500000000000000000000000000000000000000000000000 0.0000000000000000092452280298070285367329115251744832217129003532020067868124613141844747588038444519 0.0108656958033641493771570551984950725454837083816528320312500000000000000000000000000000000000000000 -0.0000000000000000002947488139454235324126363051764372718819140216213133855183148313017227337695658207
0.2025455324622073560725254992576083168387413024902343750000000000000000000000000000000000000000000000 0.0000000000000000092268658403218626649354055433850145426009984179994624642340284026431618258357048035 0.1183192308221643201937567368986492510885000228881835937500000000000000000000000000000000000000000000 -0.0000000000000000033112219949499888538350744600518247336266158650688439663012374580830510240048170090
-0.1933471753078349342214181660892791114747524261474609375000000000000000000000000000000000000000000000 0.0000000000000000056708946471137426758117517411030692033211668293211232816375400034303311258554458618 -0.0524965901614871180425048180495650740340352058410644531250000000000000000000000000000000000000000000 0.0000000000000000026002120264691327416023942568955159965262954086960469485267921641025168355554342270
-0.3123928209210611317558914379333145916461944580078125000000000000000000000000000000000000000000000000 0.0000000000000000259207635313622839687841546274592684607857754166323344113820326128916349261999130249 -0.1116379705409853706488121360962395556271076202392578125000000000000000000000000000000000000000000000 0.0000000000000000066179487727938613466908117740857190639118025083514895712255565740633755922317504883
32768
340282366920938463463374607431768170496
340282366920938463463374607431768080384
340282366920938463463374607431768023040
340282366920938463463374607431768092672
340282366920938463463374607431768047616
340282366920938463463374607431767556096
71168
277888
1262592
4018176
16760832
67108864
268304384
1074266112
4295099124
17180026739
68719574034
274877809558
1099511650955
4398046581374
17592185995320
70368743494672
281474976801920
1125899906931200
4503599627216896
18014398509543424
72057594037780480
288230376151842816
1152921504606584832
4611686018426339328
18446744073709455341
73786976294838222848
295147905179352834048
1180591620717411139584
4722366482869645363200
18889465931478580777984
75557863725914323349504
302231454903657293758464
1208925819614629174814720
4835703278458516698808960
19342813113834066795323392
77371252455336267180941312
309485009821345068724764672
1237940039285380274898993152
4951760157141521099596627968
19807040628566084398385463296
79228162514264337593544017586
316912650057057350374175694614
1267650600228229401496703230278
5070602400912917605986813129648
20282409603651670423947251205115
81129638414606681695789005047098
324518553658426726783156020669176
1298074214633706907132624082931600
5192296858534827628530496329081216
20769187434139310514121985316977152
83076749736557242056487941267441664
332306998946228968225951765070360576
1329227995784915872903807060280262656
5316911983139663491615228241121247232
21267647932558653966460912964485251072
85070591730234615865843651857941004288
58358
test core_crypto::fft_impl::fft128::math::fft::tests::test_roundtrip_u128 ... ok

test result: ok. 1 passed; 0 failed; 0 ignored; 0 measured; 345 filtered out; finished in 0.01s


running 0 tests

test result: ok. 0 passed; 0 failed; 0 ignored; 0 measured; 0 filtered out; finished in 0.00s


running 0 tests

test result: ok. 0 passed; 0 failed; 0 ignored; 0 measured; 0 filtered out; finished in 0.00s


running 0 tests

test result: ok. 0 passed; 0 failed; 0 ignored; 0 measured; 211 filtered out; finished in 0.01s

