-0.33097267575787575611 -0.00000000000000002622 0.03807044742457019876 -0.00000000000000000096
-0.19925817938089179782 -0.00000000000000000753 0.01765225355782251357 -0.00000000000000000111
0.22605501652436449378 0.00000000000000001260 -0.07996899279789555781 -0.00000000000000000635
0.24265040646921059997 0.00000000000000000047 0.03653339799325806131 0.00000000000000000057
0.09147494489992445688 -0.00000000000000000366 0.27863082167471275863 0.00000000000000000414
-0.01249260242861861478 -0.00000000000000000069 0.21104910124727013776 -0.00000000000000000518
-0.04941726311421625745 0.00000000000000000207 -0.20291247381964691576 0.00000000000000000329
0.03150923446671929917 0.00000000000000000265 -0.29886769286692055347 -0.00000000000000002235
-0.16723684672982691568 -0.00000000000000000482 0.27277470879397902603 -0.00000000000000000858
-0.14202602323451693489 0.00000000000000000784 0.14524634153014290283 -0.00000000000000001305
0.10332872190765951537 0.00000000000000000658 -0.19568779910271574818 -0.00000000000000001084
0.21835231725406514802 -0.00000000000000000430 -0.16112839007756304954 0.00000000000000000490
0.23970361063524156520 -0.00000000000000000530 0.11157234039101175671 -0.00000000000000000501
0.13989009074991839987 0.00000000000000000259 0.17664870328397067056 0.00000000000000000473
-0.16441904114596636588 -0.00000000000000000614 -0.11717029532866199415 0.00000000000000000188
-0.22714172165190293917 -0.00000000000000000034 -0.23244246136662202740 0.00000000000000000527
-0.27680984997138735615 0.00000000000000002718 0.17777610562450665843 0.00000000000000000314
-0.18165068228089922830 -0.00000000000000000918 0.08596710958129456792 -0.00000000000000000198
0.17339170030681708146 -0.00000000000000000023 -0.15074124272311220651 -0.00000000000000000501
0.25044005893511733785 -0.00000000000000001055 -0.06080938178313040343 -0.00000000000000000066
0.18620753766628234116 0.00000000000000000927 0.20717929385074018711 0.00000000000000000373
0.06495977686585076294 -0.00000000000000000006 0.20771328802198266161 0.00000000000000001094
-0.11496669308543010224 -0.00000000000000000467 -0.16938298493012549084 0.00000000000000000193
-0.10138498602339029997 -0.00000000000000000109 -0.29725107985757154294 0.00000000000000001510
-0.03384903323156997906 -0.00000000000000000321 0.30565142745677126301 -0.00000000000000000847
-0.08385446640052629519 -0.00000000000000000518 0.18882971066195872178 0.00000000000000001257
0.02597858772888644516 0.00000000000000000038 -0.21276555933445123747 -0.00000000000000000199
0.14359815066709277764 0.00000000000000001311 -0.24721706302863130644 -0.00000000000000001228
0.25113437312655728650 0.00000000000000000924 0.01086569580336414938 -0.00000000000000000029
0.20254553246220735607 0.00000000000000000923 0.11831923082216432019 -0.00000000000000000331
-0.19334717530783493422 0.00000000000000000567 -0.05249659016148711804 0.00000000000000000260
-0.31239282092106113176 0.00000000000000002592 -0.11163797054098537065 0.00000000000000000662
57344
340282366920938463463365402491659026432
340282366920938463463374539130945339392
340282366920938463463373647958882157568
31174766592
340282366920938463463363627242957815808
340282366920938463463357122919888650240
340282366920938463463373653285127935424
163968
340282366920938463463359224796877506560
337463135905792
2356491024179200
2043063277453312
24278468790190080
119079574165258240
340282366920938463463374392849691760911
17179751589
340282366920938463463371475394589289821
340282366920938463463373402609996838949
340282366920938463463367771725287024774
4181810294164
340282366920938463463342361448655331856
340282366920938463463066169598618748864
340282366920938463463374324976001057408
1150439123734016
340282366920938463463370515153899576320
17977298935599104
73252306492194816
280341166036287488
1142854436121477120
4375448532944945152
18447799162160633465
73786976294838169600
295164735489917820928
1180591825122165030912
4722369432780195958272
18889465931700276620288
75557897843465688182784
302231507234821341069312
1208925819959723728225408
4835703278458516698940416
19342813119235088709935104
77371252454910165500086272
309485009818098000988643328
1237940039299909322077011968
4951760157174954712139694080
19807040628689467122687934464
79228162514264720343257107608
316912650057057350372592238833
1267650600228235638438582628697
5070602400912917154117691825808
20282409603651667704845873915319
81129638414606681695509445149244
324518553658426712196039498954576
1298074214633706791456142606264864
5192296858534827628429409574087552
20769187434139310514119380176303616
83076749736557242055275536700298240
332306998946228968225393544464175104
1329227995784915872902006540962037760
5316911983139663491622808838581714944
21267647932558653966498153164030607360
85070591730234615865832707597779599360
576375926697453
thread 'core_crypto::gpu::algorithms::test::fft::test_roundtrip_u128' panicked at tfhe/src/core_crypto/gpu/algorithms/test/fft.rs:107:17:
abs_diff: 9204940109185039, threshold: 268435456
note: run with `RUST_BACKTRACE=1` environment variable to display a backtrace


failures:
    core_crypto::gpu::algorithms::test::fft::test_roundtrip_u128

test result: FAILED. 0 passed; 1 failed; 0 ignored; 0 measured; 354 filtered out; finished in 0.14s

