[tfhe/src/core_crypto/fft_impl/fft128/crypto/ggsw.rs:508:25] glwe_poly.as_ref() = [
    340282366920938463463374607431765426982,
    6231470,
    7965947,
    340282366920938463463374607431763895827,
    4003809,
    340282366920938463463374607431763265984,
    4442252,
    1479654,
    6111927,
    340282366920938463463374607431762684109,
    1462778,
    1884750,
    340282366920938463463374607431765456572,
    340282366920938463463374607431760636941,
    3191524,
    340282366920938463463374607431766058355,
    4225518,
    5145723,
    6810091,
    340282366920938463463374607431765012944,
    8114427,
    340282366920938463463374607431762571686,
    3575673,
    7733327,
    941092,
    999113,
    3047675,
    340282366920938463463374607431760906120,
    340282366920938463463374607431766659619,
    340282366920938463463374607431760684379,
    340282366920938463463374607431764187765,
    340282366920938463463374607431764622817,
    340282366920938463463374607431766061327,
    340282366920938463463374607431765769164,
    340282366920938463463374607431760673237,
    6414746,
    577121,
    340282366920938463463374607431766573006,
    340282366920938463463374607431763258067,
    340282366920938463463374607431760881332,
    2030636,
    1885932,
    340282366920938463463374607431767521180,
    340282366920938463463374607431760834103,
    340282366920938463463374607431763480287,
    4144841,
    1821433,
    7699491,
    2048760,
    340282366920938463463374607431768099309,
    340282366920938463463374607431764775394,
    8291235,
    703151,
    340282366920938463463374607431765174453,
    7786191,
    4939742,
    340282366920938463463374607431765831895,
    340282366920938463463374607431763035987,
    340282366920938463463374607431766986240,
    340282366920938463463374607431767612871,
    6681887,
    340282366920938463463374607431763181178,
    340282366920938463463374607431761122020,
    4133115,
]
non split after_forward_as_integer: fourier_re0=[17184832.58758419, 53210890.77168044, -2910808.088502191, -37875679.16195851, 14602229.073409056, 1528376.1550961984, -19684654.099368777, 23407915.713535424, -38999158.44666149, 23119803.405724194, -49626061.258883566, -25858274.85849035, 11720954.648381907, -25901175.68442447, 6871916.347289774, 29284514.38042124, 37198526.28040027, -2566032.276037212, 3994385.62633765, -62387745.758797966, 2316585.5636132667, -15910919.156803751, -43506159.36212139, 12222690.940213006, -20264610.73096532, 23882789.559977356, 35719877.62253492, 12264271.26699698, -42990290.32635283, 20102363.734936766, -25673711.72681835, -3580810.741946471]
non split after_forward_as_integer: fourier_re1=[1.7985643685411912e-9, 1.5301486437710046e-10, 5.925427406159699e-11, -1.7438717781256689e-9, 5.38276397186078e-10, -2.264300097461404e-11, -1.4241420937714274e-9, 1.2249364014516033e-9, -1.7593653551625703e-9, 1.6110369521202419e-9, -3.127681163991387e-9, 1.1865745894206464e-9, 3.576447175409041e-11, 8.349980936420333e-10, 4.5953116242800605e-10, 8.798807391759284e-11, 3.2593117798029698e-9, -1.4836981002784823e-10, -2.1936345226300922e-10, 8.036229223546105e-10, 5.5661572183893257e-11, 6.792120680598538e-10, -3.361943280859468e-9, -2.8041411989620617e-10, 4.8695748074821e-10, -1.676694586909088e-9, 1.5889764047720706e-9, -5.846288349160957e-10, -1.6071920943419774e-9, -5.152335240925105e-10, 2.6861951390183167e-10, -5.774215731496631e-11]
non split after_forward_as_integer: fourier_im0=[-8971360.672624214, 29718965.36247826, 25991211.996728662, -9690128.555096922, 45787174.5697816, -16799660.076334428, -13762884.05141861, -591007.949810103, 9474258.34984515, 6194381.871819877, 64656197.67404796, -30849860.70692167, 5595452.967552408, -16070458.597584728, -43392883.30816943, -10706110.540700706, -38124665.91683331, 16181693.740601825, 5915832.111445414, 17423529.586719446, -40464798.62212263, 7247380.847142433, -901010.0655603642, -1483465.975024737, -17300559.21472851, -3774741.8182376307, 12861175.533128511, -5797499.646991759, 40120236.19567648, -13127192.284773087, -32467850.049910158, -51695480.75412503]
non split after_forward_as_integer: fourier_im1=[-2.537869132099359e-10, -1.1657263758157092e-9, 5.477725105077634e-10, 6.130774496397622e-10, 1.2612281187508147e-9, -3.489733996401927e-10, -5.958727181046058e-10, 1.90157473996958e-11, -3.796335576750969e-10, -4.507365403258006e-10, -1.468610950618226e-9, -3.05678849248885e-11, 6.982180837722329e-11, 4.5875302124465774e-10, -6.692789910580327e-10, -4.4792968700445e-10, -3.5436909439270063e-9, 7.592177807537702e-10, 1.601251446165802e-10, 1.8194008279919276e-9, -3.220114023621e-9, 4.981433546890846e-11, -3.706424550558981e-11, -3.952702367292276e-11, -1.8128801055603789e-9, 1.4578387270879737e-10, 6.176770126697536e-10, -1.7280607495483815e-10, 1.593525793326991e-9, 5.417199257715933e-10, 1.10259630379739e-9, 2.2105690951565297e-10]
[tfhe/src/core_crypto/fft_impl/fft128/crypto/ggsw.rs:508:25] glwe_poly.as_ref() = [
    340282366920938463463374607431764824398,
    2824754,
    340282366920938463463374607431766755856,
    340282366920938463463374607431761834084,
    340282366920938463463374607431763080199,
    340282366920938463463374607431762251007,
    3070909,
    340282366920938463463374607431766134781,
    340282366920938463463374607431768134780,
    2366139,
    340282366920938463463374607431767814122,
    340282366920938463463374607431763862470,
    340282366920938463463374607431765254432,
    5197312,
    7126907,
    340282366920938463463374607431768114932,
    340282366920938463463374607431764046090,
    340282366920938463463374607431764306125,
    3579344,
    340282366920938463463374607431767640556,
    766999,
    1590856,
    481175,
    340282366920938463463374607431762217444,
    4768743,
    340282366920938463463374607431766762586,
    5328106,
    340282366920938463463374607431765353893,
    340282366920938463463374607431764980309,
    95149,
    6888495,
    340282366920938463463374607431768084655,
    340282366920938463463374607431763036164,
    4526357,
    939673,
    3864802,
    3215348,
    6017208,
    340282366920938463463374607431766970914,
    2024419,
    6368487,
    8014143,
    1149258,
    7922392,
    340282366920938463463374607431764860999,
    2697147,
    340282366920938463463374607431766899699,
    340282366920938463463374607431766161208,
    340282366920938463463374607431764814086,
    263254,
    340282366920938463463374607431767185950,
    2672189,
    7104302,
    5746554,
    340282366920938463463374607431763786795,
    2648983,
    1929641,
    7803131,
    340282366920938463463374607431760458871,
    1581078,
    340282366920938463463374607431760841440,
    8306603,
    340282366920938463463374607431766558909,
    340282366920938463463374607431764868920,
]
non split after_forward_as_integer: fourier_re0=[-34532139.299277976, 62830088.531244375, -62729231.68249576, -11712564.218813488, 12253911.117501913, -11445080.848389568, -25127629.86691685, 19295414.936114963, 9797409.604086418, -33514650.10544831, -15162887.831347357, -30067963.016841702, 39029967.375371404, 15382911.381252144, -20879096.823462445, 23699729.87503594, -26387223.5891542, 28024194.60989756, -13555171.279063243, 23921440.804915182, 15188552.302699562, -4293758.771431082, -34727989.94434492, -16603558.40040816, -4088992.282174055, -22364832.94651321, -19965335.11197246, 24414023.315018266, 21444854.90302903, -5284270.221251513, -23275353.688756507, 12049375.171896048]
non split after_forward_as_integer: fourier_re1=[-2.844458604312772e-9, -1.6025174191206063e-9, 3.036825512547167e-11, -8.349462521844501e-10, 4.5005732750634756e-10, 4.4773567142301596e-10, -1.0508761455491947e-10, 3.535387725919879e-10, -2.7001633377118926e-10, 2.616306599508662e-10, -7.414083169863409e-11, 4.581566774632943e-10, -1.2458362957501056e-11, 1.7826595469275608e-10, 1.7680282598855317e-9, -1.0339011866630538e-9, 6.976654791608256e-11, 1.8978436506509035e-10, 3.7309253205945504e-10, -5.850789110678266e-10, -3.254064736651421e-11, 3.116856476116949e-10, 1.9124947993164793e-9, 7.10743826881756e-11, -2.5580531122065654e-11, -6.536184877199914e-11, -1.826097296459636e-9, -5.201633131798041e-10, 5.666787885145073e-10, -3.8131807836454555e-10, 1.6843426571191684e-9, -3.100179292576268e-10]
non split after_forward_as_integer: fourier_im0=[40988530.83517017, -14980484.370670496, -20630367.304952495, -12668605.065267297, -20514609.532312877, 13076610.701368783, 13635596.625739513, 4898159.648520142, -48048407.2946236, -24175099.73765217, -40179195.79253413, -42249785.44950496, -21258557.71194351, -14619952.556444652, 9236277.757884733, 9122626.688444829, -8290425.462231217, -24746248.690326028, -9570055.087802814, 4854562.261098353, 32564025.73587267, -11260931.009390224, -17431345.16195378, 14858440.970284665, 14773950.652504815, -13796868.733751105, 11368539.714335117, -14930142.940443188, -16908793.242696352, 2862716.277881988, 22304767.85328376, 16105725.422111345]
non split after_forward_as_integer: fourier_im1=[3.2492362184270908e-9, -7.334396760628697e-10, -9.291964193443462e-10, -7.410261593510652e-10, 1.382349010544046e-9, 9.182212683567169e-10, -4.157122464684089e-11, 3.1983645865580147e-10, 9.243094289775947e-10, 3.2720297449342093e-10, -2.3769296240992717e-9, -1.7498332931953875e-9, -1.2842600210255898e-9, 1.956956598713412e-10, 7.333180473871096e-10, -7.411244311973887e-10, 2.0420757231855974e-10, -2.843458517924372e-10, -1.4838140340438624e-10, -4.191113811474515e-10, 1.7553082726296632e-9, -5.30357421325793e-10, 1.1644614401517921e-9, -4.565622766334312e-10, 4.428233883287337e-10, 2.70455954333075e-10, 5.284388624516716e-10, 3.3750833782097916e-10, 1.6642935741580138e-9, 1.5058337849237232e-10, 1.2414041718801092e-9, -2.5124067566669957e-10]